v8-version,10,2,154,26,-node.37,0
v8-platform,macos,macos
new,CodeRange,0x10a775000,0
new,MemoryChunk,0x2de2ec980000,262144
new,MemoryChunk,0x2de272780000,262144
new,MemoryChunk,0x2de2a2f40000,262144
new,MemoryChunk,0x2de200080000,262144
new,MemoryChunk,0x2de262840000,262144
heap-capacity,1030976
heap-available,2198828672
new,MemoryChunk,0x2de240280000,262144
new,MemoryChunk,0x2de236e40000,262144
new,MemoryChunk,0x2de28a980000,262144
new,MemoryChunk,0x2de25b540000,262144
new,MemoryChunk,0x2de285fc0000,262144
new,MemoryChunk,0x2de2fee40000,262144
new,MemoryChunk,0x2de228900000,262144
new,MemoryChunk,0x10a780000,262144
new,MemoryChunk,0x2de20abc0000,262144
new,MemoryChunk,0x2de2c9100000,262144
new,MemoryChunk,0x2de2d0fc0000,262144
new,MemoryChunk,0x2de2a1880000,262144
new,MemoryChunk,0x2de218980000,262144
new,MemoryChunk,0x2de2eddc0000,262144
new,MemoryChunk,0x2de29b700000,262144
new,MemoryChunk,0x10a7c0000,262144
new,MemoryChunk,0x2de282f00000,262144
new,MemoryChunk,0x2de21bdc0000,262144
new,MemoryChunk,0x2de292440000,262144
new,MemoryChunk,0x2de2d6000000,262144
new,MemoryChunk,0x2de2098c0000,262144
new,MemoryChunk,0x2de24aa00000,262144
new,MemoryChunk,0x2de2d1000000,262144
new,MemoryChunk,0x10a800000,262144
new,MemoryChunk,0x2de2cf2c0000,262144
new,MemoryChunk,0x2de25d5c0000,262144
new,MemoryChunk,0x2de2f67c0000,262144
new,MemoryChunk,0x2de25b100000,262144
new,MemoryChunk,0x2de2ac880000,262144
new,MemoryChunk,0x2de25bb00000,262144
new,MemoryChunk,0x2de2c6840000,262144
new,MemoryChunk,0x2de28a300000,262144
new,MemoryChunk,0x2de2020c0000,262144
new,MemoryChunk,0x2de2b1440000,262144
new,MemoryChunk,0x2de2f8940000,262144
new,MemoryChunk,0x2de223e80000,262144
new,MemoryChunk,0x2de255240000,262144
new,MemoryChunk,0x2de2d2200000,262144
new,MemoryChunk,0x2de204100000,262144
new,MemoryChunk,0x2de21f240000,262144
new,MemoryChunk,0x2de211080000,262144
new,MemoryChunk,0x2de23d6c0000,262144
new,MemoryChunk,0x2de2b5000000,262144
new,MemoryChunk,0x2de291ac0000,262144
new,MemoryChunk,0x2de226700000,262144
new,MemoryChunk,0x2de2a9a00000,262144
new,MemoryChunk,0x2de25e4c0000,262144
new,MemoryChunk,0x2de200840000,262144
new,MemoryChunk,0x2de2d3d80000,262144
new,MemoryChunk,0x2de2625c0000,262144
new,MemoryChunk,0x2de273a00000,262144
new,MemoryChunk,0x2de213640000,262144
new,MemoryChunk,0x2de237a40000,262144
new,MemoryChunk,0x2de206680000,262144
new,MemoryChunk,0x2de233e40000,262144
new,MemoryChunk,0x2de26a080000,262144
new,MemoryChunk,0x2de2c13c0000,262144
new,MemoryChunk,0x2de2c8a00000,262144
new,MemoryChunk,0x2de2a16c0000,262144
new,MemoryChunk,0x2de25b400000,262144
new,MemoryChunk,0x2de282fc0000,262144
new,MemoryChunk,0x2de235b00000,262144
new,MemoryChunk,0x2de21bac0000,262144
new,MemoryChunk,0x2de271380000,262144
new,MemoryChunk,0x2de2aad80000,262144
new,MemoryChunk,0x2de296480000,262144
new,MemoryChunk,0x2de247740000,262144
new,MemoryChunk,0x2de2f0e00000,262144
new,MemoryChunk,0x2de2b73c0000,270336
new,MemoryChunk,0x2de288d80000,262144
new,MemoryChunk,0x2de2e6e00000,262144
new,MemoryChunk,0x2de2e3540000,262144
new,MemoryChunk,0x2de207c40000,262144
new,MemoryChunk,0x2de2f8c00000,262144
new,MemoryChunk,0x10a840000,262144
new,MemoryChunk,0x2de2ea3c0000,262144
new,MemoryChunk,0x2de2aa240000,262144
new,MemoryChunk,0x2de23ad80000,262144
new,MemoryChunk,0x2de249ac0000,262144
new,MemoryChunk,0x2de2f0540000,262144
new,MemoryChunk,0x2de2d2500000,262144
new,MemoryChunk,0x2de287f40000,262144
delete,MemoryChunk,0x2de2f0540000
delete,MemoryChunk,0x2de249ac0000
delete,MemoryChunk,0x2de2aa240000
new,MemoryChunk,0x2de2df6c0000,262144
new,MemoryChunk,0x2de222800000,262144
new,MemoryChunk,0x2de2ed4c0000,262144
new,MemoryChunk,0x2de2e46c0000,262144
new,MemoryChunk,0x2de2e3340000,262144
new,MemoryChunk,0x2de2da700000,262144
new,MemoryChunk,0x2de29d700000,262144
new,MemoryChunk,0x2de21c300000,262144
new,MemoryChunk,0x2de2d8780000,262144
new,MemoryChunk,0x2de2d7600000,262144
new,MemoryChunk,0x2de24b980000,262144
new,MemoryChunk,0x2de28e800000,262144
new,MemoryChunk,0x2de2a78c0000,262144
new,MemoryChunk,0x2de2cb240000,262144
new,MemoryChunk,0x2de23af00000,262144
new,MemoryChunk,0x2de258d80000,262144
new,MemoryChunk,0x2de26b140000,262144
new,MemoryChunk,0x2de260040000,262144
new,MemoryChunk,0x2de2221c0000,262144
new,MemoryChunk,0x2de2bfd00000,262144
new,MemoryChunk,0x2de28df80000,262144
new,MemoryChunk,0x2de2c7800000,262144
new,MemoryChunk,0x2de2e4080000,262144
new,MemoryChunk,0x2de27f200000,262144
new,MemoryChunk,0x2de2a8400000,262144
new,MemoryChunk,0x2de292a80000,262144
new,MemoryChunk,0x2de2c5440000,262144
new,MemoryChunk,0x2de2b0980000,262144
new,MemoryChunk,0x2de210e00000,262144
new,MemoryChunk,0x2de2bf2c0000,262144
new,MemoryChunk,0x2de2d2240000,262144
new,MemoryChunk,0x2de2523c0000,262144
new,MemoryChunk,0x2de26b8c0000,262144
new,MemoryChunk,0x2de2c58c0000,262144
new,MemoryChunk,0x2de27fd40000,262144
new,MemoryChunk,0x2de27e8c0000,262144
new,MemoryChunk,0x2de2d2b40000,262144
new,MemoryChunk,0x2de284a00000,262144
new,MemoryChunk,0x2de2f3380000,262144
new,MemoryChunk,0x2de2dfd80000,262144
new,MemoryChunk,0x2de2ec080000,262144
new,MemoryChunk,0x2de2e5940000,262144
new,MemoryChunk,0x2de2b3740000,262144
new,MemoryChunk,0x2de2afa40000,9146368
new,MemoryChunk,0x2de2a9080000,262144
new,MemoryChunk,0x2de2ff000000,176128
new,MemoryChunk,0x2de212c40000,139264
new,MemoryChunk,0x2de2ab900000,262144
new,MemoryChunk,0x2de238740000,262144
new,MemoryChunk,0x2de2e3700000,262144
new,MemoryChunk,0x2de2cc480000,262144
new,MemoryChunk,0x2de20d640000,262144
new,MemoryChunk,0x2de2ff200000,262144
new,MemoryChunk,0x2de2ee8c0000,1531904
new,MemoryChunk,0x2de2aad00000,262144
new,MemoryChunk,0x2de209a80000,262144
new,MemoryChunk,0x2de2e0e00000,262144
new,MemoryChunk,0x2de2675c0000,262144
new,MemoryChunk,0x2de22b600000,262144
new,MemoryChunk,0x2de2b1480000,262144
new,MemoryChunk,0x2de2eea40000,262144
new,MemoryChunk,0x2de24ba40000,262144
new,MemoryChunk,0x2de2cb680000,262144
new,MemoryChunk,0x2de23c440000,262144
new,MemoryChunk,0x2de240a40000,262144
new,MemoryChunk,0x2de2b4480000,262144
new,MemoryChunk,0x2de2eeb00000,262144
new,MemoryChunk,0x2de286800000,262144
new,MemoryChunk,0x2de273c80000,262144
new,MemoryChunk,0x2de2e9c80000,258048
new,MemoryChunk,0x2de24c880000,262144
new,MemoryChunk,0x2de2f1d00000,262144
new,MemoryChunk,0x2de2c5b00000,262144
new,MemoryChunk,0x2de22d900000,262144
new,MemoryChunk,0x2de250340000,262144
new,MemoryChunk,0x2de2f6a00000,262144
new,MemoryChunk,0x2de257140000,262144
new,MemoryChunk,0x2de2e1f00000,262144
new,MemoryChunk,0x2de2aadc0000,262144
new,MemoryChunk,0x2de22bdc0000,262144
new,MemoryChunk,0x2de2c7300000,262144
new,MemoryChunk,0x2de2ca940000,262144
new,MemoryChunk,0x2de205d40000,262144
new,MemoryChunk,0x2de2448c0000,262144
new,MemoryChunk,0x2de298780000,262144
new,MemoryChunk,0x2de2304c0000,262144
new,MemoryChunk,0x2de22f4c0000,262144
new,MemoryChunk,0x2de287ac0000,262144
new,MemoryChunk,0x2de294600000,262144
new,MemoryChunk,0x2de257e80000,262144
new,MemoryChunk,0x2de24f600000,262144
new,MemoryChunk,0x2de2a1640000,262144
new,MemoryChunk,0x2de29f7c0000,262144
new,MemoryChunk,0x2de263d80000,262144
new,MemoryChunk,0x2de283380000,262144
new,MemoryChunk,0x2de292300000,262144
new,MemoryChunk,0x2de238a40000,262144
new,MemoryChunk,0x2de2ac8c0000,262144
new,MemoryChunk,0x2de284f00000,262144
new,MemoryChunk,0x2de267b40000,262144
new,MemoryChunk,0x2de2f4ac0000,262144
new,MemoryChunk,0x2de2abd40000,262144
new,MemoryChunk,0x2de271480000,262144
new,MemoryChunk,0x2de27e080000,262144
new,MemoryChunk,0x2de2a8440000,262144
new,MemoryChunk,0x2de2ea340000,262144
new,MemoryChunk,0x2de237540000,262144
new,MemoryChunk,0x2de23e840000,262144
new,MemoryChunk,0x2de27f880000,262144
new,MemoryChunk,0x2de205e80000,262144
new,MemoryChunk,0x2de25a840000,262144
new,MemoryChunk,0x2de252c80000,262144
new,MemoryChunk,0x2de223f00000,262144
new,MemoryChunk,0x2de213a80000,262144
new,MemoryChunk,0x2de237a80000,262144
new,MemoryChunk,0x2de2dc080000,262144
new,MemoryChunk,0x2de2eb180000,262144
new,MemoryChunk,0x2de253400000,262144
new,MemoryChunk,0x2de211900000,262144
new,MemoryChunk,0x2de222cc0000,262144
new,MemoryChunk,0x2de2dc0c0000,262144
new,MemoryChunk,0x2de2f4c40000,262144
new,MemoryChunk,0x2de226e40000,262144
new,MemoryChunk,0x2de267280000,262144
new,MemoryChunk,0x2de2aef00000,262144
new,MemoryChunk,0x2de286e00000,262144
new,MemoryChunk,0x2de29b580000,262144
new,MemoryChunk,0x2de239c80000,262144
new,MemoryChunk,0x2de22ff00000,262144
new,MemoryChunk,0x2de23df80000,262144
new,MemoryChunk,0x2de299640000,262144
new,MemoryChunk,0x2de253100000,262144
new,MemoryChunk,0x2de2bf300000,262144
new,MemoryChunk,0x2de208800000,262144
new,MemoryChunk,0x2de2a93c0000,262144
new,MemoryChunk,0x2de291980000,262144
new,MemoryChunk,0x2de2a0f00000,262144
new,MemoryChunk,0x2de205300000,262144
new,MemoryChunk,0x2de2d6280000,262144
new,MemoryChunk,0x2de21a780000,262144
new,MemoryChunk,0x2de20e240000,262144
new,MemoryChunk,0x2de247680000,262144
new,MemoryChunk,0x2de219500000,262144
new,MemoryChunk,0x2de2e5fc0000,262144
new,MemoryChunk,0x2de236500000,262144
new,MemoryChunk,0x2de2c5040000,262144
new,MemoryChunk,0x10a880000,262144
new,MemoryChunk,0x2de209980000,204800
new,MemoryChunk,0x2de2f8c80000,376832
new,MemoryChunk,0x2de28af80000,958464
new,MemoryChunk,0x2de280100000,958464
new,MemoryChunk,0x2de2e8800000,262144
new,MemoryChunk,0x2de2773c0000,262144
new,MemoryChunk,0x2de2254c0000,262144
new,MemoryChunk,0x2de265640000,262144
new,MemoryChunk,0x2de2d7740000,12574720
new,MemoryChunk,0x2de2e6f40000,262144
new,MemoryChunk,0x2de223180000,262144
new,MemoryChunk,0x2de225cc0000,262144
new,MemoryChunk,0x2de2af140000,262144
new,MemoryChunk,0x2de2353c0000,884736
new,MemoryChunk,0x2de2f1580000,262144
new,MemoryChunk,0x2de202340000,262144
new,MemoryChunk,0x2de238080000,262144
new,MemoryChunk,0x2de254540000,262144
new,MemoryChunk,0x2de2aa740000,262144
new,MemoryChunk,0x2de28f580000,262144
new,MemoryChunk,0x2de2c1700000,262144
new,MemoryChunk,0x2de221c40000,262144
new,MemoryChunk,0x2de2f36c0000,262144
new,MemoryChunk,0x2de236040000,262144
new,MemoryChunk,0x2de22f780000,262144
new,MemoryChunk,0x2de26e980000,262144
new,MemoryChunk,0x2de270040000,262144
new,MemoryChunk,0x2de2f1fc0000,262144
new,MemoryChunk,0x2de254580000,262144
new,MemoryChunk,0x2de2d7400000,262144
new,MemoryChunk,0x2de274bc0000,262144
new,MemoryChunk,0x2de2e0900000,262144
new,MemoryChunk,0x2de2f7b80000,262144
delete,MemoryChunk,0x2de209980000
delete,MemoryChunk,0x2de2f8c80000
delete,MemoryChunk,0x2de28af80000
new,MemoryChunk,0x2de25b580000,262144
new,MemoryChunk,0x2de235b40000,262144
new,MemoryChunk,0x2de262d40000,262144
new,MemoryChunk,0x2de2925c0000,262144
new,MemoryChunk,0x2de2f3980000,262144
new,MemoryChunk,0x2de2e2000000,262144
new,MemoryChunk,0x2de244ec0000,262144
new,MemoryChunk,0x2de274380000,262144
new,MemoryChunk,0x2de28ee40000,262144
new,MemoryChunk,0x2de256940000,262144
new,MemoryChunk,0x2de26ddc0000,262144
new,MemoryChunk,0x2de201b80000,262144
new,MemoryChunk,0x2de279100000,212992
new,MemoryChunk,0x2de2aedc0000,163840
new,MemoryChunk,0x2de2c1640000,262144
new,MemoryChunk,0x2de288440000,262144
new,MemoryChunk,0x2de262b80000,573440
new,MemoryChunk,0x2de26ad80000,262144
new,MemoryChunk,0x2de2c98c0000,262144
new,MemoryChunk,0x2de264f80000,385024
new,MemoryChunk,0x2de215ac0000,262144
new,MemoryChunk,0x2de2649c0000,262144
new,MemoryChunk,0x2de28a9c0000,237568
new,MemoryChunk,0x2de23dac0000,262144
new,MemoryChunk,0x2de22ff40000,262144
new,MemoryChunk,0x2de2402c0000,262144
new,MemoryChunk,0x2de2f4cc0000,262144
new,MemoryChunk,0x2de2aeb00000,262144
new,MemoryChunk,0x2de256880000,262144
new,MemoryChunk,0x2de284500000,262144
new,MemoryChunk,0x2de290440000,262144
new,MemoryChunk,0x2de254000000,262144
new,MemoryChunk,0x2de2cf700000,262144
new,MemoryChunk,0x2de29a0c0000,262144
new,MemoryChunk,0x2de295c00000,262144
new,MemoryChunk,0x2de2ba840000,262144
new,MemoryChunk,0x2de2aaa00000,393216
new,MemoryChunk,0x2de2b4bc0000,262144
new,MemoryChunk,0x2de2284c0000,262144
new,MemoryChunk,0x10a8c0000,262144
new,MemoryChunk,0x2de223f80000,262144
new,MemoryChunk,0x2de250e00000,262144
new,MemoryChunk,0x2de2c4600000,262144
new,MemoryChunk,0x2de2dc440000,262144
new,MemoryChunk,0x2de274300000,262144
new,MemoryChunk,0x2de2443c0000,262144
new,MemoryChunk,0x2de217e00000,262144
new,MemoryChunk,0x2de290d00000,262144
new,MemoryChunk,0x2de2685c0000,262144
new,MemoryChunk,0x2de299dc0000,262144
new,MemoryChunk,0x2de28a8c0000,262144
new,MemoryChunk,0x2de211bc0000,262144
new,MemoryChunk,0x2de2077c0000,262144
new,MemoryChunk,0x2de221ec0000,262144
new,MemoryChunk,0x2de29be40000,262144
new,MemoryChunk,0x2de2a0880000,262144
new,MemoryChunk,0x2de222e40000,262144
new,MemoryChunk,0x10a900000,262144
new,MemoryChunk,0x2de2a0e80000,262144
new,MemoryChunk,0x2de284340000,262144
new,MemoryChunk,0x2de20df40000,262144
new,MemoryChunk,0x2de2d3f40000,262144
new,MemoryChunk,0x2de229300000,262144
new,MemoryChunk,0x2de27b240000,262144
new,MemoryChunk,0x2de2fffc0000,262144
new,MemoryChunk,0x2de2457c0000,262144
new,MemoryChunk,0x2de24dcc0000,262144
new,MemoryChunk,0x2de27af40000,262144
new,MemoryChunk,0x2de2fae40000,262144
new,MemoryChunk,0x2de230500000,262144
new,MemoryChunk,0x2de2f5b00000,262144
new,MemoryChunk,0x2de23b400000,262144
new,MemoryChunk,0x2de21fd00000,262144
new,MemoryChunk,0x2de216700000,262144
new,MemoryChunk,0x2de2c5600000,262144
new,MemoryChunk,0x2de28d000000,262144
delete,MemoryChunk,0x2de2c5600000
delete,MemoryChunk,0x2de2bf300000
delete,MemoryChunk,0x2de239c80000
delete,MemoryChunk,0x2de222cc0000
delete,MemoryChunk,0x2de211900000
delete,MemoryChunk,0x2de2f7b80000
delete,MemoryChunk,0x2de2e0900000
delete,MemoryChunk,0x2de274bc0000
delete,MemoryChunk,0x2de2d7400000
delete,MemoryChunk,0x2de254580000
delete,MemoryChunk,0x2de2f1fc0000
delete,MemoryChunk,0x2de270040000
delete,MemoryChunk,0x2de26e980000
delete,MemoryChunk,0x2de22f780000
delete,MemoryChunk,0x2de236040000
delete,MemoryChunk,0x2de2f36c0000
delete,MemoryChunk,0x2de221c40000
delete,MemoryChunk,0x2de2c1700000
delete,MemoryChunk,0x2de28f580000
delete,MemoryChunk,0x2de2aa740000
delete,MemoryChunk,0x2de254540000
delete,MemoryChunk,0x2de238080000
delete,MemoryChunk,0x2de291980000
delete,MemoryChunk,0x2de2a93c0000
delete,MemoryChunk,0x2de208800000
delete,MemoryChunk,0x2de253100000
delete,MemoryChunk,0x2de299640000
delete,MemoryChunk,0x2de23df80000
delete,MemoryChunk,0x2de22ff00000
delete,MemoryChunk,0x2de29b580000
delete,MemoryChunk,0x2de286e00000
delete,MemoryChunk,0x2de2aef00000
delete,MemoryChunk,0x2de267280000
delete,MemoryChunk,0x2de226e40000
delete,MemoryChunk,0x2de2f4c40000
delete,MemoryChunk,0x2de2dc0c0000
delete,MemoryChunk,0x2de253400000
delete,MemoryChunk,0x2de2eb180000
delete,MemoryChunk,0x2de2dc080000
delete,MemoryChunk,0x2de237a80000
delete,MemoryChunk,0x2de213a80000
delete,MemoryChunk,0x2de223f00000
delete,MemoryChunk,0x2de252c80000
delete,MemoryChunk,0x2de2a8400000
delete,MemoryChunk,0x2de284a00000
delete,MemoryChunk,0x2de2d2b40000
delete,MemoryChunk,0x2de27e8c0000
delete,MemoryChunk,0x2de27fd40000
delete,MemoryChunk,0x2de2c58c0000
delete,MemoryChunk,0x2de2523c0000
delete,MemoryChunk,0x2de2d2240000
delete,MemoryChunk,0x2de210e00000
delete,MemoryChunk,0x2de2b0980000
delete,MemoryChunk,0x2de2c5440000
delete,MemoryChunk,0x2de292a80000
delete,MemoryChunk,0x2de27f200000
delete,MemoryChunk,0x2de2e4080000
delete,MemoryChunk,0x2de2c8a00000
delete,MemoryChunk,0x2de287f40000
delete,MemoryChunk,0x2de2d2500000
delete,MemoryChunk,0x2de235b00000
delete,MemoryChunk,0x2de200080000
delete,MemoryChunk,0x2de272780000
delete,MemoryChunk,0x2de27e080000
delete,MemoryChunk,0x2de271480000
delete,MemoryChunk,0x2de2abd40000
delete,MemoryChunk,0x2de2f4ac0000
delete,MemoryChunk,0x2de267b40000
delete,MemoryChunk,0x2de284f00000
delete,MemoryChunk,0x2de2ac8c0000
delete,MemoryChunk,0x2de238a40000
delete,MemoryChunk,0x2de292300000
delete,MemoryChunk,0x2de283380000
delete,MemoryChunk,0x2de263d80000
delete,MemoryChunk,0x2de29f7c0000
delete,MemoryChunk,0x2de2a1640000
delete,MemoryChunk,0x2de24f600000
delete,MemoryChunk,0x2de257e80000
delete,MemoryChunk,0x2de294600000
delete,MemoryChunk,0x2de287ac0000
delete,MemoryChunk,0x2de22f4c0000
delete,MemoryChunk,0x2de2304c0000
delete,MemoryChunk,0x2de298780000
delete,MemoryChunk,0x2de2448c0000
delete,MemoryChunk,0x2de205d40000
delete,MemoryChunk,0x2de2ca940000
delete,MemoryChunk,0x2de2c7300000
delete,MemoryChunk,0x2de22bdc0000
delete,MemoryChunk,0x2de2aadc0000
delete,MemoryChunk,0x2de2e1f00000
delete,MemoryChunk,0x2de257140000
delete,MemoryChunk,0x2de2f6a00000
delete,MemoryChunk,0x2de250340000
delete,MemoryChunk,0x2de22d900000
delete,MemoryChunk,0x2de2c5b00000
delete,MemoryChunk,0x2de2d8780000
delete,MemoryChunk,0x2de213640000
delete,MemoryChunk,0x2de2d3d80000
delete,MemoryChunk,0x2de2c7800000
delete,MemoryChunk,0x2de28df80000
delete,MemoryChunk,0x2de2bfd00000
delete,MemoryChunk,0x2de2221c0000
delete,MemoryChunk,0x2de260040000
delete,MemoryChunk,0x2de26b140000
delete,MemoryChunk,0x2de258d80000
delete,MemoryChunk,0x2de23af00000
delete,MemoryChunk,0x2de2cb240000
delete,MemoryChunk,0x2de2a78c0000
delete,MemoryChunk,0x2de28e800000
delete,MemoryChunk,0x2de24b980000
delete,MemoryChunk,0x2de2d7600000
delete,MemoryChunk,0x2de21c300000
delete,MemoryChunk,0x2de29d700000
delete,MemoryChunk,0x2de200840000
delete,MemoryChunk,0x2de206680000
delete,MemoryChunk,0x2de237a40000
delete,MemoryChunk,0x2de273a00000
delete,MemoryChunk,0x2de2625c0000
delete,MemoryChunk,0x2de25e4c0000
delete,MemoryChunk,0x2de262840000
delete,MemoryChunk,0x2de223e80000
delete,MemoryChunk,0x2de2a2f40000
delete,MemoryChunk,0x2de2020c0000
delete,MemoryChunk,0x2de2b1440000
delete,MemoryChunk,0x2de2f8940000
new,MemoryChunk,0x2de2b68c0000,262144
new,MemoryChunk,0x2de205a00000,262144
new,MemoryChunk,0x2de2d6d00000,262144
new,MemoryChunk,0x2de202a40000,262144
new,MemoryChunk,0x2de24ddc0000,262144
new,MemoryChunk,0x2de27d340000,262144
new,MemoryChunk,0x2de259100000,262144
delete,MemoryChunk,0x2de21fd00000
delete,MemoryChunk,0x2de2f5b00000
delete,MemoryChunk,0x2de23b400000
delete,MemoryChunk,0x2de2fae40000
delete,MemoryChunk,0x2de27f880000
delete,MemoryChunk,0x2de27af40000
delete,MemoryChunk,0x2de230500000
delete,MemoryChunk,0x2de2457c0000
delete,MemoryChunk,0x2de24dcc0000
delete,MemoryChunk,0x2de205e80000
delete,MemoryChunk,0x2de2a8440000
delete,MemoryChunk,0x2de2fffc0000
delete,MemoryChunk,0x2de2bf2c0000
delete,MemoryChunk,0x2de216700000
delete,MemoryChunk,0x2de2c4600000
delete,MemoryChunk,0x2de2ea340000
delete,MemoryChunk,0x2de26b8c0000
delete,MemoryChunk,0x2de23e840000
delete,MemoryChunk,0x2de274300000
delete,MemoryChunk,0x2de28d000000
delete,MemoryChunk,0x2de29be40000
delete,MemoryChunk,0x2de237540000
delete,MemoryChunk,0x2de256880000
delete,MemoryChunk,0x2de211bc0000
delete,MemoryChunk,0x2de2ec080000
delete,MemoryChunk,0x2de229300000
delete,MemoryChunk,0x2de2f1580000
delete,MemoryChunk,0x2de27b240000
delete,MemoryChunk,0x2de250e00000
delete,MemoryChunk,0x2de28ee40000
delete,MemoryChunk,0x2de299dc0000
delete,MemoryChunk,0x2de222e40000
delete,MemoryChunk,0x2de244ec0000
delete,MemoryChunk,0x2de2df6c0000
delete,MemoryChunk,0x2de2c7300000
delete,MemoryChunk,0x2de257140000
delete,MemoryChunk,0x2de205d40000
delete,MemoryChunk,0x2de2ca940000
delete,MemoryChunk,0x2de2f8940000
delete,MemoryChunk,0x2de2b1440000
delete,MemoryChunk,0x2de2020c0000
delete,MemoryChunk,0x2de2a2f40000
delete,MemoryChunk,0x2de2c13c0000
delete,MemoryChunk,0x2de2a16c0000
delete,MemoryChunk,0x2de25b400000
delete,MemoryChunk,0x2de282fc0000
delete,MemoryChunk,0x2de259100000
delete,MemoryChunk,0x2de27d340000
delete,MemoryChunk,0x2de28df80000
delete,MemoryChunk,0x2de2bfd00000
delete,MemoryChunk,0x2de298780000
delete,MemoryChunk,0x2de2448c0000
delete,MemoryChunk,0x2de2e3700000
delete,MemoryChunk,0x2de2cc480000
delete,MemoryChunk,0x2de2aad00000
delete,MemoryChunk,0x2de23c440000
delete,MemoryChunk,0x2de236500000
delete,MemoryChunk,0x2de2e6f40000
delete,MemoryChunk,0x2de223180000
delete,MemoryChunk,0x2de23ad80000
delete,MemoryChunk,0x2de2af140000
delete,MemoryChunk,0x2de2f3380000
delete,MemoryChunk,0x2de2c1640000
delete,MemoryChunk,0x2de26ad80000
delete,MemoryChunk,0x2de205300000
delete,MemoryChunk,0x2de26a080000
delete,MemoryChunk,0x2de28a300000
delete,MemoryChunk,0x2de22b600000
delete,MemoryChunk,0x2de247680000
delete,MemoryChunk,0x2de2a0f00000
delete,MemoryChunk,0x2de2eeb00000
delete,MemoryChunk,0x2de2fee40000
delete,MemoryChunk,0x2de285fc0000
delete,MemoryChunk,0x2de219500000
delete,MemoryChunk,0x2de24ba40000
delete,MemoryChunk,0x2de240280000
delete,MemoryChunk,0x2de2cb680000
delete,MemoryChunk,0x2de2ed4c0000
delete,MemoryChunk,0x2de21bdc0000
delete,MemoryChunk,0x2de2f8c00000
delete,MemoryChunk,0x2de2a9a00000
delete,MemoryChunk,0x2de2d6280000
delete,MemoryChunk,0x2de2ba840000
delete,MemoryChunk,0x2de2098c0000
delete,MemoryChunk,0x2de2aeb00000
delete,MemoryChunk,0x2de284500000
delete,MemoryChunk,0x2de290440000
delete,MemoryChunk,0x2de2c98c0000
delete,MemoryChunk,0x2de2ab900000
delete,MemoryChunk,0x2de288d80000
delete,MemoryChunk,0x2de21a780000
delete,MemoryChunk,0x2de2eea40000
delete,MemoryChunk,0x2de225cc0000
delete,MemoryChunk,0x2de29a0c0000
delete,MemoryChunk,0x2de282f00000
delete,MemoryChunk,0x2de201b80000
delete,MemoryChunk,0x2de25bb00000
delete,MemoryChunk,0x2de233e40000
delete,MemoryChunk,0x2de2c6840000
delete,MemoryChunk,0x2de2ac880000
delete,MemoryChunk,0x2de2d6000000
delete,MemoryChunk,0x2de24aa00000
delete,MemoryChunk,0x2de238740000
delete,MemoryChunk,0x2de265640000
delete,MemoryChunk,0x2de2f4cc0000
delete,MemoryChunk,0x2de2e46c0000
delete,MemoryChunk,0x2de2f3980000
delete,MemoryChunk,0x2de211080000
delete,MemoryChunk,0x2de273c80000
delete,MemoryChunk,0x2de2b1480000
delete,MemoryChunk,0x2de286800000
delete,MemoryChunk,0x2de2cf700000
delete,MemoryChunk,0x2de295c00000
delete,MemoryChunk,0x2de2d2200000
delete,MemoryChunk,0x2de2dc440000
delete,MemoryChunk,0x2de221ec0000
delete,MemoryChunk,0x2de209a80000
delete,MemoryChunk,0x2de28a980000
delete,MemoryChunk,0x2de2f1d00000
delete,MemoryChunk,0x2de2e8800000
delete,MemoryChunk,0x2de207c40000
delete,MemoryChunk,0x2de20d640000
delete,MemoryChunk,0x2de2a1880000
delete,MemoryChunk,0x2de23d6c0000
delete,MemoryChunk,0x2de2e5fc0000
delete,MemoryChunk,0x2de218980000
delete,MemoryChunk,0x2de2d0fc0000
delete,MemoryChunk,0x2de240a40000
delete,MemoryChunk,0x2de222800000
delete,MemoryChunk,0x2de2b5000000
delete,MemoryChunk,0x2de2ea3c0000
delete,MemoryChunk,0x2de2da700000
delete,MemoryChunk,0x2de228900000
delete,MemoryChunk,0x2de25b540000
delete,MemoryChunk,0x2de217e00000
delete,MemoryChunk,0x2de2077c0000
delete,MemoryChunk,0x2de255240000
delete,MemoryChunk,0x2de2f67c0000
delete,MemoryChunk,0x2de2a9080000
delete,MemoryChunk,0x2de2254c0000
delete,MemoryChunk,0x2de28a8c0000
delete,MemoryChunk,0x2de2685c0000
delete,MemoryChunk,0x2de290d00000
delete,MemoryChunk,0x2de2e3340000
delete,MemoryChunk,0x2de271380000
delete,MemoryChunk,0x2de2a0e80000
delete,MemoryChunk,0x2de21f240000
delete,MemoryChunk,0x2de2675c0000
delete,MemoryChunk,0x2de25d5c0000
delete,MemoryChunk,0x2de226700000
delete,MemoryChunk,0x2de29b700000
delete,MemoryChunk,0x2de204100000
delete,MemoryChunk,0x2de25b100000
delete,MemoryChunk,0x2de2443c0000
delete,MemoryChunk,0x2de284340000
delete,MemoryChunk,0x2de21bac0000
delete,MemoryChunk,0x2de20e240000
delete,MemoryChunk,0x2de25a840000
delete,MemoryChunk,0x2de262d40000
delete,MemoryChunk,0x2de205a00000
delete,MemoryChunk,0x2de2b3740000
delete,MemoryChunk,0x2de202a40000
delete,MemoryChunk,0x2de296480000
delete,MemoryChunk,0x2de2f0e00000
delete,MemoryChunk,0x2de2e6e00000
delete,MemoryChunk,0x2de2e3540000
delete,MemoryChunk,0x2de22ff40000
delete,MemoryChunk,0x2de2dfd80000
delete,MemoryChunk,0x2de20abc0000
delete,MemoryChunk,0x2de2b68c0000
delete,MemoryChunk,0x2de2e5940000
delete,MemoryChunk,0x2de202340000
delete,MemoryChunk,0x2de2402c0000
delete,MemoryChunk,0x2de23dac0000
delete,MemoryChunk,0x2de2cf2c0000
delete,MemoryChunk,0x2de26ddc0000
delete,MemoryChunk,0x2de2eddc0000
delete,MemoryChunk,0x2de256940000
delete,MemoryChunk,0x2de20df40000
delete,MemoryChunk,0x2de288440000
delete,MemoryChunk,0x2de2aad80000
delete,MemoryChunk,0x2de2d6d00000
delete,MemoryChunk,0x2de291ac0000
delete,MemoryChunk,0x2de235b40000
delete,MemoryChunk,0x2de2284c0000
delete,MemoryChunk,0x2de24c880000
delete,MemoryChunk,0x2de2d3f40000
delete,MemoryChunk,0x2de2c5040000
delete,MemoryChunk,0x2de2e2000000
delete,MemoryChunk,0x2de223f80000
delete,MemoryChunk,0x2de25b580000
delete,MemoryChunk,0x2de2925c0000
delete,MemoryChunk,0x2de2b4bc0000
delete,MemoryChunk,0x2de254000000
delete,MemoryChunk,0x2de274380000
delete,MemoryChunk,0x2de2a0880000
delete,MemoryChunk,0x2de292440000
delete,MemoryChunk,0x2de215ac0000
delete,MemoryChunk,0x2de24ddc0000
delete,MemoryChunk,0x2de2ff200000
delete,MemoryChunk,0x10a780000
delete,MemoryChunk,0x10a7c0000
delete,MemoryChunk,0x10a800000
delete,MemoryChunk,0x10a840000
delete,MemoryChunk,0x10a880000
delete,MemoryChunk,0x10a8c0000
delete,MemoryChunk,0x10a900000
delete,MemoryChunk,0x2de236e40000
delete,MemoryChunk,0x2de2c9100000
delete,MemoryChunk,0x2de2d1000000
delete,MemoryChunk,0x2de247740000
delete,MemoryChunk,0x2de2e0e00000
delete,MemoryChunk,0x2de2b4480000
delete,MemoryChunk,0x2de2773c0000
delete,MemoryChunk,0x2de2649c0000
delete,LargeObjectChunk,0x2de2b73c0000
delete,MemoryChunk,0x2de2b73c0000
delete,LargeObjectChunk,0x2de2ff000000
delete,MemoryChunk,0x2de2ff000000
delete,LargeObjectChunk,0x2de212c40000
delete,MemoryChunk,0x2de212c40000
delete,LargeObjectChunk,0x2de2ee8c0000
delete,MemoryChunk,0x2de2ee8c0000
delete,LargeObjectChunk,0x2de2afa40000
delete,MemoryChunk,0x2de2afa40000
delete,LargeObjectChunk,0x2de2e9c80000
delete,MemoryChunk,0x2de2e9c80000
delete,LargeObjectChunk,0x2de2353c0000
delete,MemoryChunk,0x2de2353c0000
delete,LargeObjectChunk,0x2de280100000
delete,MemoryChunk,0x2de280100000
delete,LargeObjectChunk,0x2de2d7740000
delete,MemoryChunk,0x2de2d7740000
delete,LargeObjectChunk,0x2de2aedc0000
delete,MemoryChunk,0x2de2aedc0000
delete,LargeObjectChunk,0x2de28a9c0000
delete,MemoryChunk,0x2de28a9c0000
delete,LargeObjectChunk,0x2de262b80000
delete,MemoryChunk,0x2de262b80000
delete,LargeObjectChunk,0x2de279100000
delete,MemoryChunk,0x2de279100000
delete,LargeObjectChunk,0x2de264f80000
delete,MemoryChunk,0x2de264f80000
delete,LargeObjectChunk,0x2de2aaa00000
delete,MemoryChunk,0x2de2aaa00000
delete,MemoryChunk,0x2de2c7300000
delete,MemoryChunk,0x2de257140000
delete,MemoryChunk,0x2de205d40000
delete,MemoryChunk,0x2de2ca940000
